<?xml version="1.0" encoding="UTF-8"?>
<!-- Generated by org.testng.reporters.JUnitReportReporter -->
<testsuite hostname="DINU" failures="0" tests="1" name="com.mavenn.pro.Mavenn4.Applicationss" time="0.014" errors="0" timestamp="03 Mar 2021 15:10:47 GMT" skipped="0">
  <testcase classname="com.mavenn.pro.Mavenn4.Applicationss" name="boy" time="0.014"/>
</testsuite> <!-- com.mavenn.pro.Mavenn4.Applicationss -->
