<?xml version="1.0" encoding="UTF-8"?>
<!-- Generated by org.testng.reporters.JUnitReportReporter -->
<testsuite skipped="0" hostname="DINU" name="com.mavenn.pro.Mavenn4.Applicationss" tests="1" failures="0" timestamp="03 Mar 2021 16:33:26 GMT" time="0.018" errors="0">
  <testcase name="boy" time="0.018" classname="com.mavenn.pro.Mavenn4.Applicationss"/>
</testsuite> <!-- com.mavenn.pro.Mavenn4.Applicationss -->
