<?xml version="1.0" encoding="UTF-8"?>
<!-- Generated by org.testng.reporters.JUnitReportReporter -->
<testsuite hostname="DINU" failures="0" tests="3" name="pjoject.Maven_2.Parallel" time="53.976" errors="0" timestamp="04 Mar 2021 17:47:20 GMT" skipped="0">
  <testcase classname="pjoject.Maven_2.Parallel" name="boyz" time="18.721"/>
  <testcase classname="pjoject.Maven_2.Parallel" name="boy" time="18.280"/>
  <testcase classname="pjoject.Maven_2.Parallel" name="boys" time="16.975"/>
</testsuite> <!-- pjoject.Maven_2.Parallel -->
