<?xml version="1.0" encoding="UTF-8"?>
<!-- Generated by org.testng.reporters.JUnitReportReporter -->
<testsuite hostname="DINU" failures="0" tests="2" name="pjoject.Maven_2.Simple_Annotation_1" time="0.008" errors="0" timestamp="24 Mar 2021 14:11:21 GMT" skipped="1">
  <testcase classname="pjoject.Maven_2.Simple_Annotation_1" name="searchlaptop" time="0.008"/>
  <testcase classname="pjoject.Maven_2.Simple_Annotation_1" name="searchMobile">
    <skipped/>
  </testcase> <!-- searchMobile -->
</testsuite> <!-- pjoject.Maven_2.Simple_Annotation_1 -->
