<?xml version="1.0" encoding="UTF-8"?>
<!-- Generated by org.testng.reporters.JUnitReportReporter -->
<testsuite hostname="DINU" failures="0" tests="3" name="com.firstproject.org.Maven_Project.Parallel_Test" time="78.088" errors="0" timestamp="2021-03-07T22:14:06 IST" skipped="0">
  <testcase classname="com.firstproject.org.Maven_Project.Parallel_Test" name="chroe" time="31.714"/>
  <system-out/>
  <testcase classname="com.firstproject.org.Maven_Project.Parallel_Test" name="face" time="9.504"/>
  <system-out/>
  <testcase classname="com.firstproject.org.Maven_Project.Parallel_Test" name="youtube" time="36.870"/>
  <system-out/>
</testsuite> <!-- com.firstproject.org.Maven_Project.Parallel_Test -->
