<?xml version="1.0" encoding="UTF-8"?>
<!-- Generated by org.testng.reporters.JUnitReportReporter -->
<testsuite hostname="DINU" failures="0" tests="5" name="com.first.Priority_Test" time="0.051" errors="0" timestamp="2021-03-24T14:39:38 IST" skipped="0">
  <testcase classname="com.first.Priority_Test" name="searchLaptop" time="0.002"/>
  <system-out/>
  <testcase classname="com.first.Priority_Test" name="launch" time="0.014"/>
  <system-out/>
  <testcase classname="com.first.Priority_Test" name="login" time="0.015"/>
  <system-out/>
  <testcase classname="com.first.Priority_Test" name="logout" time="0.015"/>
  <system-out/>
  <testcase classname="com.first.Priority_Test" name="searchMobiles" time="0.005"/>
  <system-out/>
</testsuite> <!-- com.first.Priority_Test -->
