<?xml version="1.0" encoding="UTF-8"?>
<!-- Generated by org.testng.reporters.JUnitReportReporter -->
<testsuite hostname="DINU" failures="0" tests="3" name="com.first.Parallel_Test" time="49.704" errors="0" timestamp="2021-03-24T14:52:28 IST" skipped="0">
  <testcase classname="com.first.Parallel_Test" name="chroe" time="14.032"/>
  <system-out/>
  <testcase classname="com.first.Parallel_Test" name="youtube" time="19.778"/>
  <system-out/>
  <testcase classname="com.first.Parallel_Test" name="face" time="15.894"/>
  <system-out/>
</testsuite> <!-- com.first.Parallel_Test -->
