<?xml version="1.0" encoding="UTF-8"?>
<!-- Generated by org.testng.reporters.JUnitReportReporter -->
<testsuite hostname="DINU" failures="0" tests="3" name="com.firstproject.org.Maven_Project.Ignore_Test" time="0.008" errors="0" timestamp="2021-03-07T22:14:06 IST" skipped="0">
  <testcase classname="com.firstproject.org.Maven_Project.Ignore_Test" name="girl" time="0.005"/>
  <system-out/>
  <testcase classname="com.firstproject.org.Maven_Project.Ignore_Test" name="boy" time="0.002"/>
  <system-out/>
  <testcase classname="com.firstproject.org.Maven_Project.Ignore_Test" name="employe" time="0.001"/>
  <system-out/>
</testsuite> <!-- com.firstproject.org.Maven_Project.Ignore_Test -->
