<?xml version="1.0" encoding="UTF-8"?>
<!-- Generated by org.testng.reporters.JUnitReportReporter -->
<testsuite hostname="DINU" failures="0" tests="5" name="com.firstproject.org.Maven_Project.Priority_Test" time="0.024" errors="0" timestamp="2021-03-07T22:14:06 IST" skipped="0">
  <testcase classname="com.firstproject.org.Maven_Project.Priority_Test" name="launch" time="0.004"/>
  <system-out/>
  <testcase classname="com.firstproject.org.Maven_Project.Priority_Test" name="login" time="0.004"/>
  <system-out/>
  <testcase classname="com.firstproject.org.Maven_Project.Priority_Test" name="searchMobiles" time="0.008"/>
  <system-out/>
  <testcase classname="com.firstproject.org.Maven_Project.Priority_Test" name="searchLaptop" time="0.002"/>
  <system-out/>
  <testcase classname="com.firstproject.org.Maven_Project.Priority_Test" name="logout" time="0.006"/>
  <system-out/>
</testsuite> <!-- com.firstproject.org.Maven_Project.Priority_Test -->
