<?xml version="1.0" encoding="UTF-8"?>
<!-- Generated by org.testng.reporters.JUnitReportReporter -->
<testsuite hostname="DINU" failures="0" tests="1" name="com.first.ScreenShot" time="7.090" errors="0" timestamp="2021-04-03T08:53:51 IST" skipped="0">
  <testcase classname="com.first.ScreenShot" name="same" time="7.090"/>
  <system-out/>
</testsuite> <!-- com.first.ScreenShot -->
