<?xml version="1.0" encoding="UTF-8"?>
<!-- Generated by org.testng.reporters.JUnitReportReporter -->
<testsuite skipped="0" hostname="DINU" name="com.first.Ignore_Test" tests="3" failures="0" timestamp="17 Mar 2021 17:54:07 GMT" time="0.010" errors="0">
  <testcase name="employe" time="0.001" classname="com.first.Ignore_Test"/>
  <testcase name="girl" time="0.000" classname="com.first.Ignore_Test"/>
  <testcase name="boy" time="0.009" classname="com.first.Ignore_Test"/>
</testsuite> <!-- com.first.Ignore_Test -->
