<?xml version="1.0" encoding="UTF-8"?>
<!-- Generated by org.testng.reporters.JUnitReportReporter -->
<testsuite skipped="0" hostname="DINU" name="com.first.Priority_Test" tests="5" failures="0" timestamp="17 Mar 2021 17:54:07 GMT" time="0.000" errors="0">
  <testcase name="searchLaptop" time="0.000" classname="com.first.Priority_Test"/>
  <testcase name="login" time="0.000" classname="com.first.Priority_Test"/>
  <testcase name="searchMobiles" time="0.000" classname="com.first.Priority_Test"/>
  <testcase name="logout" time="0.000" classname="com.first.Priority_Test"/>
  <testcase name="launch" time="0.000" classname="com.first.Priority_Test"/>
</testsuite> <!-- com.first.Priority_Test -->
