<?xml version="1.0" encoding="UTF-8"?>
<!-- Generated by org.testng.reporters.JUnitReportReporter -->
<testsuite skipped="0" hostname="MOHAN-0311" name="Execute.startExecute" tests="2" failures="0" timestamp="31 May 2021 11:33:36 GMT" time="305.221" errors="0">
  <testcase name="EpicTest" time="196.568" classname="Execute.startExecute"/>
  <testcase name="EpicTest" time="108.653" classname="Execute.startExecute"/>
</testsuite> <!-- Execute.startExecute -->
