<?xml version="1.0" encoding="UTF-8"?>
<!-- Generated by org.testng.reporters.JUnitReportReporter -->
<testsuite skipped="0" hostname="MOHAN-0311" name="StepDefinitions.stepDefinition" tests="5" failures="0" timestamp="29 May 2021 11:28:07 GMT" time="76.911" errors="0">
  <testcase name="user_is_on_MainSpring" time="51.049" classname="StepDefinitions.stepDefinition"/>
  <testcase name="user_Navigate_to_Epics" time="15.375" classname="StepDefinitions.stepDefinition"/>
  <testcase name="user_Add_Epics" time="3.696" classname="StepDefinitions.stepDefinition"/>
  <testcase name="user_fill_Epics_with_invalid_data" time="6.747" classname="StepDefinitions.stepDefinition"/>
  <testcase name="capture_Error_Message" time="0.044" classname="StepDefinitions.stepDefinition"/>
</testsuite> <!-- StepDefinitions.stepDefinition -->
